  Book.cpp
C:\Users\user88\Desktop\2 КУРС ЛЕТЕН СЕМЕСТАР 2023\ООП\Library\Library\Book.h(2,10): warning C4067: unexpected tokens following preprocessor directive - expected a newline
  Comic.cpp
C:\Users\user88\Desktop\2 КУРС ЛЕТЕН СЕМЕСТАР 2023\ООП\Library\Library\Book.h(2,10): warning C4067: unexpected tokens following preprocessor directive - expected a newline
  Library.cpp
C:\Users\user88\Desktop\2 КУРС ЛЕТЕН СЕМЕСТАР 2023\ООП\Library\Library\Book.h(2,10): warning C4067: unexpected tokens following preprocessor directive - expected a newline
C:\Users\user88\Desktop\2 КУРС ЛЕТЕН СЕМЕСТАР 2023\ООП\Library\Library\Library.cpp(10,21): warning C4018: '<': signed/unsigned mismatch
C:\Users\user88\Desktop\2 КУРС ЛЕТЕН СЕМЕСТАР 2023\ООП\Library\Library\Library.cpp(20,21): warning C4018: '<': signed/unsigned mismatch
C:\Users\user88\Desktop\2 КУРС ЛЕТЕН СЕМЕСТАР 2023\ООП\Library\Library\Library.cpp(26,21): warning C4018: '<': signed/unsigned mismatch
C:\Users\user88\Desktop\2 КУРС ЛЕТЕН СЕМЕСТАР 2023\ООП\Library\Library\Library.cpp(37,20): warning C4018: '<': signed/unsigned mismatch
C:\Users\user88\Desktop\2 КУРС ЛЕТЕН СЕМЕСТАР 2023\ООП\Library\Library\Library.cpp(79,20): warning C4018: '<': signed/unsigned mismatch
C:\Users\user88\Desktop\2 КУРС ЛЕТЕН СЕМЕСТАР 2023\ООП\Library\Library\Library.cpp(91,20): warning C4018: '<': signed/unsigned mismatch
C:\Users\user88\Desktop\2 КУРС ЛЕТЕН СЕМЕСТАР 2023\ООП\Library\Library\Library.cpp(105,20): warning C4018: '<': signed/unsigned mismatch
C:\Users\user88\Desktop\2 КУРС ЛЕТЕН СЕМЕСТАР 2023\ООП\Library\Library\Library.cpp(155,17): warning C4244: '=': conversion from 'std::streamoff' to 'unsigned int', possible loss of data
C:\Users\user88\Desktop\2 КУРС ЛЕТЕН СЕМЕСТАР 2023\ООП\Library\Library\Library.cpp(174,17): warning C4244: '=': conversion from 'std::streamoff' to 'unsigned int', possible loss of data
C:\Users\user88\Desktop\2 КУРС ЛЕТЕН СЕМЕСТАР 2023\ООП\Library\Library\Library.cpp(201,17): warning C4244: '=': conversion from 'std::streamoff' to 'unsigned int', possible loss of data
C:\Users\user88\Desktop\2 КУРС ЛЕТЕН СЕМЕСТАР 2023\ООП\Library\Library\Library.cpp(217,21): warning C4018: '<': signed/unsigned mismatch
C:\Users\user88\Desktop\2 КУРС ЛЕТЕН СЕМЕСТАР 2023\ООП\Library\Library\Library.cpp(229,20): warning C4018: '<': signed/unsigned mismatch
C:\Users\user88\Desktop\2 КУРС ЛЕТЕН СЕМЕСТАР 2023\ООП\Library\Library\Library.cpp(241,20): warning C4018: '<': signed/unsigned mismatch
C:\Users\user88\Desktop\2 КУРС ЛЕТЕН СЕМЕСТАР 2023\ООП\Library\Library\Library.cpp(264,20): warning C4018: '<': signed/unsigned mismatch
C:\Users\user88\Desktop\2 КУРС ЛЕТЕН СЕМЕСТАР 2023\ООП\Library\Library\Library.cpp(266,25): warning C4018: '<': signed/unsigned mismatch
C:\Users\user88\Desktop\2 КУРС ЛЕТЕН СЕМЕСТАР 2023\ООП\Library\Library\Library.cpp(293,20): warning C4018: '<': signed/unsigned mismatch
C:\Users\user88\Desktop\2 КУРС ЛЕТЕН СЕМЕСТАР 2023\ООП\Library\Library\Library.cpp(321,16): warning C4244: '=': conversion from 'std::streamoff' to 'unsigned int', possible loss of data
C:\Users\user88\Desktop\2 КУРС ЛЕТЕН СЕМЕСТАР 2023\ООП\Library\Library\Library.cpp(342,16): warning C4244: '=': conversion from 'std::streamoff' to 'unsigned int', possible loss of data
C:\Users\user88\Desktop\2 КУРС ЛЕТЕН СЕМЕСТАР 2023\ООП\Library\Library\Library.cpp(358,16): warning C4244: '=': conversion from 'std::streamoff' to 'unsigned int', possible loss of data
C:\Users\user88\Desktop\2 КУРС ЛЕТЕН СЕМЕСТАР 2023\ООП\Library\Library\Library.cpp(369,16): warning C4244: '=': conversion from 'std::streamoff' to 'unsigned int', possible loss of data
C:\Users\user88\Desktop\2 КУРС ЛЕТЕН СЕМЕСТАР 2023\ООП\Library\Library\Library.cpp(383,21): warning C4018: '<': signed/unsigned mismatch
C:\Users\user88\Desktop\2 КУРС ЛЕТЕН СЕМЕСТАР 2023\ООП\Library\Library\Library.cpp(414,20): warning C4018: '<': signed/unsigned mismatch
C:\Users\user88\Desktop\2 КУРС ЛЕТЕН СЕМЕСТАР 2023\ООП\Library\Library\Library.cpp(416,25): warning C4018: '<': signed/unsigned mismatch
C:\Users\user88\Desktop\2 КУРС ЛЕТЕН СЕМЕСТАР 2023\ООП\Library\Library\Library.cpp(474,21): warning C4018: '<': signed/unsigned mismatch
C:\Users\user88\Desktop\2 КУРС ЛЕТЕН СЕМЕСТАР 2023\ООП\Library\Library\Library.cpp(491,20): warning C4018: '<': signed/unsigned mismatch
C:\Users\user88\Desktop\2 КУРС ЛЕТЕН СЕМЕСТАР 2023\ООП\Library\Library\Library.cpp(502,27): warning C4018: '<': signed/unsigned mismatch
C:\Users\user88\Desktop\2 КУРС ЛЕТЕН СЕМЕСТАР 2023\ООП\Library\Library\Library.cpp(524,20): warning C4018: '<': signed/unsigned mismatch
C:\Users\user88\Desktop\2 КУРС ЛЕТЕН СЕМЕСТАР 2023\ООП\Library\Library\Library.cpp(556,20): warning C4018: '<': signed/unsigned mismatch
C:\Users\user88\Desktop\2 КУРС ЛЕТЕН СЕМЕСТАР 2023\ООП\Library\Library\Library.cpp(561,26): warning C4018: '<': signed/unsigned mismatch
C:\Users\user88\Desktop\2 КУРС ЛЕТЕН СЕМЕСТАР 2023\ООП\Library\Library\Library.cpp(582,20): warning C4018: '<': signed/unsigned mismatch
C:\Users\user88\Desktop\2 КУРС ЛЕТЕН СЕМЕСТАР 2023\ООП\Library\Library\Library.cpp(603,20): warning C4018: '<': signed/unsigned mismatch
C:\Users\user88\Desktop\2 КУРС ЛЕТЕН СЕМЕСТАР 2023\ООП\Library\Library\Library.cpp(615,20): warning C4018: '<': signed/unsigned mismatch
C:\Users\user88\Desktop\2 КУРС ЛЕТЕН СЕМЕСТАР 2023\ООП\Library\Library\Library.cpp(623,22): warning C4018: '<': signed/unsigned mismatch
C:\Users\user88\Desktop\2 КУРС ЛЕТЕН СЕМЕСТАР 2023\ООП\Library\Library\Library.cpp(657,20): warning C4018: '<': signed/unsigned mismatch
C:\Users\user88\Desktop\2 КУРС ЛЕТЕН СЕМЕСТАР 2023\ООП\Library\Library\Library.cpp(664,23): warning C4018: '<': signed/unsigned mismatch
  Periodical.cpp
  User.cpp
C:\Users\user88\Desktop\2 КУРС ЛЕТЕН СЕМЕСТАР 2023\ООП\Library\Library\User.cpp(12,20): warning C4018: '<': signed/unsigned mismatch
C:\Users\user88\Desktop\2 КУРС ЛЕТЕН СЕМЕСТАР 2023\ООП\Library\Library\User.cpp(16,20): warning C4018: '<': signed/unsigned mismatch
C:\Users\user88\Desktop\2 КУРС ЛЕТЕН СЕМЕСТАР 2023\ООП\Library\Library\User.cpp(168,20): warning C4018: '<': signed/unsigned mismatch
C:\Users\user88\Desktop\2 КУРС ЛЕТЕН СЕМЕСТАР 2023\ООП\Library\Library\User.cpp(175,20): warning C4018: '<': signed/unsigned mismatch
C:\Users\user88\Desktop\2 КУРС ЛЕТЕН СЕМЕСТАР 2023\ООП\Library\Library\User.cpp(207,20): warning C4018: '<': signed/unsigned mismatch
C:\Users\user88\Desktop\2 КУРС ЛЕТЕН СЕМЕСТАР 2023\ООП\Library\Library\User.cpp(224,20): warning C4018: '<': signed/unsigned mismatch
C:\Users\user88\Desktop\2 КУРС ЛЕТЕН СЕМЕСТАР 2023\ООП\Library\Library\User.cpp(234,26): warning C4018: '<': signed/unsigned mismatch
C:\Users\user88\Desktop\2 КУРС ЛЕТЕН СЕМЕСТАР 2023\ООП\Library\Library\User.cpp(269,20): warning C4018: '<': signed/unsigned mismatch
C:\Users\user88\Desktop\2 КУРС ЛЕТЕН СЕМЕСТАР 2023\ООП\Library\Library\User.cpp(277,20): warning C4018: '<': signed/unsigned mismatch
  main.cpp
C:\Users\user88\Desktop\2 КУРС ЛЕТЕН СЕМЕСТАР 2023\ООП\Library\Library\Book.h(2,10): warning C4067: unexpected tokens following preprocessor directive - expected a newline
  Generating Code...
C:\Users\user88\Desktop\2 КУРС ЛЕТЕН СЕМЕСТАР 2023\ООП\Library\Library\Library.cpp(225): warning C4715: 'Library::readPEsFromFile': not all control paths return a value
C:\Users\user88\Desktop\2 КУРС ЛЕТЕН СЕМЕСТАР 2023\ООП\Library\Library\Library.cpp(394): warning C4715: 'Library::readUsers': not all control paths return a value
  Library.vcxproj -> C:\Users\user88\Desktop\2 КУРС ЛЕТЕН СЕМЕСТАР 2023\ООП\Library\x64\Debug\Library.exe
